<?xml version="1.0" encoding="UTF-8"?>
<!-- Generated by org.testng.reporters.JUnitReportReporter -->
<testsuite hostname="sumi" name="automationFramework.POM_TC" tests="1" failures="0" timestamp="8 May 2017 23:43:13 GMT" time="0.043" errors="0">
  <testcase name="run" time="0.043" classname="automationFramework.POM_TC"/>
</testsuite> <!-- automationFramework.POM_TC -->
