<?xml version="1.0" encoding="UTF-8"?>
<!-- Generated by org.testng.reporters.JUnitReportReporter -->
<testsuite hostname="sumi" name="automationFramework.POM_TC" tests="1" failures="0" timestamp="9 May 2017 01:43:14 GMT" time="19.506" errors="0">
  <testcase name="run" time="19.506" classname="automationFramework.POM_TC"/>
</testsuite> <!-- automationFramework.POM_TC -->
