<?xml version="1.0" encoding="UTF-8"?>
<!-- Generated by org.testng.reporters.JUnitReportReporter -->
<testsuite hostname="shapan-HP" name="automationFramework.POM_TC" tests="1" failures="0" timestamp="7 May 2017 14:40:13 GMT" time="9.567" errors="0">
  <testcase name="run" time="9.567" classname="automationFramework.POM_TC"/>
</testsuite> <!-- automationFramework.POM_TC -->
