<?xml version="1.0" encoding="UTF-8"?>
<!-- Generated by org.testng.reporters.JUnitReportReporter -->
<<<<<<< Updated upstream
<testsuite hostname="sumi" name="automationFramework.POM_TC" tests="1" failures="0" timestamp="7 May 2017 17:13:19 GMT" time="27.955" errors="0">
  <testcase name="run" time="27.955" classname="automationFramework.POM_TC"/>
=======
<testsuite hostname="shapan-HP" name="automationFramework.POM_TC" tests="1" failures="0" timestamp="7 May 2017 15:15:27 GMT" time="9.672" errors="0">
  <testcase name="run" time="9.672" classname="automationFramework.POM_TC"/>
>>>>>>> Stashed changes
</testsuite> <!-- automationFramework.POM_TC -->
