<?xml version="1.0" encoding="UTF-8"?>
<!-- Generated by org.testng.reporters.JUnitReportReporter -->
<testsuite hostname="RifatHalim-HP" name="automationFramework.POM_TC" tests="1" failures="0" timestamp="30 Apr 2017 16:12:36 GMT" time="10.875" errors="0">
  <testcase name="run" time="10.875" classname="automationFramework.POM_TC"/>
</testsuite> <!-- automationFramework.POM_TC -->
