<?xml version="1.0" encoding="UTF-8"?>
<!-- Generated by org.testng.reporters.JUnitReportReporter -->
<testsuite hostname="Murad" name="automationFramework.POM_TC" tests="1" failures="0" timestamp="6 May 2017 18:25:16 GMT" time="8.413" errors="0">
  <testcase name="run" time="8.413" classname="automationFramework.POM_TC"/>
</testsuite> <!-- automationFramework.POM_TC -->
